<?xml version="1.0" encoding="UTF-8"?>
<!-- Generated by org.testng.reporters.JUnitXMLReporter -->
<testsuite ignored="0" hostname="DESKTOP-OM8VAPG" failures="1" tests="3" name="BankingApp Test1" time="55.369" errors="0" timestamp="2022-01-13T20:43:45 AEDT">
  <testcase classname="com.inetBanking.testCases.TC_LoginTest_001" name="loginTest" time="2.28"/>
  <testcase classname="com.inetBanking.testCases.TC_AddCustomerTest_003" name="addNewCustomer" time="17.631"/>
  <testcase classname="com.inetBanking.testCases.TC_EditCustomerTest_004" name="editCCustomer" time="11.418">
    <failure type="java.lang.AssertionError" message="expected [true] but found [false]">
      <![CDATA[java.lang.AssertionError: expected [true] but found [false]
at com.inetBanking.testCases.TC_EditCustomerTest_004.editCCustomer(TC_EditCustomerTest_004.java:36)
at java.base/java.util.ArrayList.forEach(ArrayList.java:1511)
... Removed 35 stack frames]]>
    </failure>
  </testcase> <!-- editCCustomer -->
</testsuite> <!-- BankingApp Test1 -->
