-------------------------------------------------------------------------------
Test set: TestSuite
-------------------------------------------------------------------------------
Tests run: 3, Failures: 1, Errors: 0, Skipped: 0, Time elapsed: 57.032 s <<< FAILURE! - in TestSuite
editCCustomer(com.inetBanking.testCases.TC_EditCustomerTest_004)  Time elapsed: 11.429 s  <<< FAILURE!
java.lang.AssertionError: expected [true] but found [false]
	at com.inetBanking.testCases.TC_EditCustomerTest_004.editCCustomer(TC_EditCustomerTest_004.java:36)

